TN:
SF:C:\Users\User1\Desktop\Polymer3\Hackathon\Cure-Me/src/cure-me/cure-me.js
FN:29,(anonymous_0)
FN:145,(anonymous_1)
FN:162,(anonymous_2)
FN:168,(anonymous_3)
FN:175,(anonymous_4)
FN:196,(anonymous_5)
FN:203,(anonymous_6)
FN:211,(anonymous_7)
FNF:8
FNH:1
FNDA:0,(anonymous_0)
FNDA:1,(anonymous_1)
FNDA:0,(anonymous_2)
FNDA:0,(anonymous_3)
FNDA:0,(anonymous_4)
FNDA:0,(anonymous_5)
FNDA:0,(anonymous_6)
FNDA:0,(anonymous_7)
DA:27,2
DA:30,0
DA:146,1
DA:163,0
DA:169,0
DA:177,0
DA:178,0
DA:179,0
DA:180,0
DA:181,0
DA:182,0
DA:183,0
DA:184,0
DA:185,0
DA:186,0
DA:187,0
DA:188,0
DA:189,0
DA:190,0
DA:191,0
DA:197,0
DA:204,0
DA:212,0
DA:213,0
DA:214,0
DA:219,1
LF:26
LH:3
BRDA:177,0,0,0
BRDA:177,0,1,0
BRDA:177,0,2,0
BRDA:177,0,3,0
BRDA:177,0,4,0
BRDA:177,0,5,0
BRDA:177,0,6,0
BRDA:204,1,0,0
BRDA:204,1,1,0
BRDA:213,2,0,0
BRDA:213,2,1,0
BRDA:213,3,0,0
BRDA:213,3,1,0
BRF:13
BRH:0
end_of_record
TN:
SF:C:\Users\User1\Desktop\Polymer3\Hackathon\Cure-Me/src/cure-me/doctor-login.js
FN:13,(anonymous_0)
FN:61,(anonymous_1)
FN:80,(anonymous_2)
FN:83,(anonymous_3)
FN:91,(anonymous_4)
FN:109,(anonymous_5)
FN:119,(anonymous_6)
FN:130,(anonymous_7)
FN:133,(anonymous_8)
FN:149,(anonymous_9)
FNF:10
FNH:3
FNDA:2,(anonymous_0)
FNDA:2,(anonymous_1)
FNDA:8,(anonymous_2)
FNDA:0,(anonymous_3)
FNDA:0,(anonymous_4)
FNDA:0,(anonymous_5)
FNDA:0,(anonymous_6)
FNDA:0,(anonymous_7)
FNDA:0,(anonymous_8)
FNDA:0,(anonymous_9)
DA:14,2
DA:62,2
DA:82,8
DA:83,8
DA:92,0
DA:93,0
DA:94,0
DA:95,0
DA:96,0
DA:99,0
DA:100,0
DA:111,0
DA:112,0
DA:113,0
DA:114,0
DA:115,0
DA:116,0
DA:120,0
DA:121,0
DA:123,0
DA:124,0
DA:126,0
DA:127,0
DA:128,0
DA:131,0
DA:134,0
DA:135,0
DA:136,0
DA:137,0
DA:138,0
DA:139,0
DA:141,0
DA:145,0
DA:146,0
DA:150,0
DA:151,0
DA:152,0
DA:153,0
DA:154,0
DA:155,0
DA:156,0
DA:163,2
LF:42
LH:5
BRDA:93,0,0,0
BRDA:93,0,1,0
BRDA:114,1,0,0
BRDA:114,1,1,0
BRDA:136,2,0,0
BRDA:136,2,1,0
BRDA:137,3,0,0
BRDA:137,3,1,0
BRDA:138,4,0,0
BRDA:138,4,1,0
BRDA:145,5,0,0
BRDA:145,5,1,0
BRDA:145,6,0,0
BRDA:145,6,1,0
BRDA:154,7,0,0
BRDA:154,7,1,0
BRF:16
BRH:0
end_of_record
TN:
SF:C:\Users\User1\Desktop\Polymer3\Hackathon\Cure-Me/src/cure-me/shared/api/ajax-call.js
FN:8,(anonymous_0)
FN:18,(anonymous_1)
FN:30,(anonymous_2)
FN:43,(anonymous_3)
FN:55,(anonymous_4)
FNF:5
FNH:2
FNDA:2,(anonymous_0)
FNDA:2,(anonymous_1)
FNDA:0,(anonymous_2)
FNDA:0,(anonymous_3)
FNDA:0,(anonymous_4)
DA:9,2
DA:19,2
DA:31,0
DA:32,0
DA:33,0
DA:34,0
DA:35,0
DA:36,0
DA:44,0
DA:45,0
DA:46,0
DA:48,0
DA:49,0
DA:50,0
DA:57,0
DA:58,0
DA:59,0
DA:60,0
DA:61,0
DA:66,2
LF:20
LH:3
BRDA:33,0,0,0
BRDA:33,0,1,0
BRDA:48,1,0,0
BRDA:48,1,1,0
BRDA:59,2,0,0
BRF:5
BRH:0
end_of_record
