TN:
SF:C:\Users\User1\Desktop\Polymer3\Hackathon\Cure-Me/src/cure-me/add-slot.js
FN:17,(anonymous_0)
FN:69,(anonymous_1)
FN:81,(anonymous_2)
FN:84,(anonymous_3)
FN:89,(anonymous_4)
FN:107,(anonymous_5)
FN:114,(anonymous_6)
FNF:7
FNH:1
FNDA:0,(anonymous_0)
FNDA:2,(anonymous_1)
FNDA:0,(anonymous_2)
FNDA:0,(anonymous_3)
FNDA:0,(anonymous_4)
FNDA:0,(anonymous_5)
FNDA:0,(anonymous_6)
DA:18,0
DA:70,2
DA:83,0
DA:84,0
DA:90,0
DA:91,0
DA:92,0
DA:93,0
DA:94,0
DA:95,0
DA:96,0
DA:97,0
DA:100,0
DA:101,0
DA:108,0
DA:109,0
DA:115,0
DA:119,2
LF:18
LH:2
BRDA:95,0,0,0
BRDA:95,0,1,0
BRDA:95,1,0,0
BRDA:95,1,1,0
BRDA:95,1,2,0
BRDA:95,1,3,0
BRDA:95,1,4,0
BRF:7
BRH:0
end_of_record
TN:
SF:C:\Users\User1\Desktop\Polymer3\Hackathon\Cure-Me/src/cure-me/cure-me.js
FN:29,(anonymous_0)
FN:145,(anonymous_1)
FN:162,(anonymous_2)
FN:168,(anonymous_3)
FN:170,(anonymous_4)
FN:172,(anonymous_5)
FN:180,(anonymous_6)
FN:201,(anonymous_7)
FN:208,(anonymous_8)
FN:216,(anonymous_9)
FNF:10
FNH:1
FNDA:0,(anonymous_0)
FNDA:2,(anonymous_1)
FNDA:0,(anonymous_2)
FNDA:0,(anonymous_3)
FNDA:0,(anonymous_4)
FNDA:0,(anonymous_5)
FNDA:0,(anonymous_6)
FNDA:0,(anonymous_7)
FNDA:0,(anonymous_8)
FNDA:0,(anonymous_9)
DA:27,2
DA:30,0
DA:146,2
DA:163,0
DA:169,0
DA:170,0
DA:174,0
DA:182,0
DA:183,0
DA:184,0
DA:185,0
DA:186,0
DA:187,0
DA:188,0
DA:189,0
DA:190,0
DA:191,0
DA:192,0
DA:193,0
DA:194,0
DA:195,0
DA:196,0
DA:202,0
DA:209,0
DA:217,0
DA:218,0
DA:219,0
DA:224,2
LF:28
LH:3
BRDA:182,0,0,0
BRDA:182,0,1,0
BRDA:182,0,2,0
BRDA:182,0,3,0
BRDA:182,0,4,0
BRDA:182,0,5,0
BRDA:182,0,6,0
BRDA:209,1,0,0
BRDA:209,1,1,0
BRDA:218,2,0,0
BRDA:218,2,1,0
BRDA:218,3,0,0
BRDA:218,3,1,0
BRF:13
BRH:0
end_of_record
TN:
SF:C:\Users\User1\Desktop\Polymer3\Hackathon\Cure-Me/src/cure-me/doctor-dashboard.js
FN:9,(anonymous_0)
FN:66,(anonymous_1)
FN:78,(anonymous_2)
FN:81,(anonymous_3)
FN:86,(anonymous_4)
FN:91,(anonymous_5)
FNF:6
FNH:1
FNDA:0,(anonymous_0)
FNDA:2,(anonymous_1)
FNDA:0,(anonymous_2)
FNDA:0,(anonymous_3)
FNDA:0,(anonymous_4)
FNDA:0,(anonymous_5)
DA:10,0
DA:67,2
DA:80,0
DA:81,0
DA:87,0
DA:88,0
DA:92,0
DA:96,2
LF:8
LH:2
BRF:0
BRH:0
end_of_record
TN:
SF:C:\Users\User1\Desktop\Polymer3\Hackathon\Cure-Me/src/cure-me/doctor-login.js
FN:13,(anonymous_0)
FN:61,(anonymous_1)
FN:80,(anonymous_2)
FN:83,(anonymous_3)
FN:91,(anonymous_4)
FN:109,(anonymous_5)
FN:120,(anonymous_6)
FN:131,(anonymous_7)
FN:134,(anonymous_8)
FN:150,(anonymous_9)
FNF:10
FNH:3
FNDA:2,(anonymous_0)
FNDA:2,(anonymous_1)
FNDA:14,(anonymous_2)
FNDA:0,(anonymous_3)
FNDA:0,(anonymous_4)
FNDA:0,(anonymous_5)
FNDA:0,(anonymous_6)
FNDA:0,(anonymous_7)
FNDA:0,(anonymous_8)
FNDA:0,(anonymous_9)
DA:14,2
DA:62,2
DA:82,14
DA:83,14
DA:92,0
DA:93,0
DA:94,0
DA:95,0
DA:96,0
DA:99,0
DA:100,0
DA:111,0
DA:112,0
DA:113,0
DA:114,0
DA:115,0
DA:116,0
DA:117,0
DA:121,0
DA:122,0
DA:124,0
DA:125,0
DA:127,0
DA:128,0
DA:129,0
DA:132,0
DA:135,0
DA:136,0
DA:137,0
DA:138,0
DA:139,0
DA:140,0
DA:142,0
DA:146,0
DA:147,0
DA:151,0
DA:152,0
DA:153,0
DA:154,0
DA:155,0
DA:156,0
DA:157,0
DA:164,2
LF:43
LH:5
BRDA:93,0,0,0
BRDA:93,0,1,0
BRDA:114,1,0,0
BRDA:114,1,1,0
BRDA:137,2,0,0
BRDA:137,2,1,0
BRDA:138,3,0,0
BRDA:138,3,1,0
BRDA:139,4,0,0
BRDA:139,4,1,0
BRDA:146,5,0,0
BRDA:146,5,1,0
BRDA:146,6,0,0
BRDA:146,6,1,0
BRDA:155,7,0,0
BRDA:155,7,1,0
BRF:16
BRH:0
end_of_record
TN:
SF:C:\Users\User1\Desktop\Polymer3\Hackathon\Cure-Me/src/cure-me/patient-home.js
FN:13,(anonymous_0)
FN:114,(anonymous_1)
FN:149,(anonymous_2)
FN:152,(anonymous_3)
FN:159,(anonymous_4)
FN:161,(anonymous_5)
FN:172,(anonymous_6)
FN:177,(anonymous_7)
FN:183,(anonymous_8)
FN:189,(anonymous_9)
FNF:10
FNH:1
FNDA:0,(anonymous_0)
FNDA:2,(anonymous_1)
FNDA:0,(anonymous_2)
FNDA:0,(anonymous_3)
FNDA:0,(anonymous_4)
FNDA:0,(anonymous_5)
FNDA:0,(anonymous_6)
FNDA:0,(anonymous_7)
FNDA:0,(anonymous_8)
FNDA:0,(anonymous_9)
DA:14,0
DA:115,2
DA:151,0
DA:152,0
DA:153,0
DA:160,0
DA:161,0
DA:162,0
DA:163,0
DA:164,0
DA:165,0
DA:173,0
DA:174,0
DA:175,0
DA:179,0
DA:180,0
DA:181,0
DA:185,0
DA:186,0
DA:187,0
DA:191,0
DA:192,0
DA:193,0
DA:194,0
DA:195,0
DA:199,2
LF:26
LH:2
BRDA:163,0,0,0
BRDA:163,0,1,0
BRDA:164,1,0,0
BRDA:164,1,1,0
BRDA:165,2,0,0
BRDA:165,2,1,0
BRF:6
BRH:0
end_of_record
TN:
SF:C:\Users\User1\Desktop\Polymer3\Hackathon\Cure-Me/src/cure-me/shared/api/ajax-call.js
FN:8,(anonymous_0)
FN:18,(anonymous_1)
FN:30,(anonymous_2)
FN:43,(anonymous_3)
FN:54,(anonymous_4)
FNF:5
FNH:2
FNDA:2,(anonymous_0)
FNDA:8,(anonymous_1)
FNDA:0,(anonymous_2)
FNDA:0,(anonymous_3)
FNDA:0,(anonymous_4)
DA:9,2
DA:19,8
DA:31,0
DA:32,0
DA:33,0
DA:34,0
DA:35,0
DA:36,0
DA:44,0
DA:45,0
DA:46,0
DA:48,0
DA:49,0
DA:50,0
DA:56,0
DA:57,0
DA:58,0
DA:59,0
DA:60,0
DA:65,8
LF:20
LH:3
BRDA:33,0,0,0
BRDA:33,0,1,0
BRDA:48,1,0,0
BRDA:48,1,1,0
BRDA:58,2,0,0
BRF:5
BRH:0
end_of_record
